Performing C SOURCE FILE Test CMAKE_HAVE_LIBC_PTHREAD failed with the following output:
Change Dir: /home/anya/navckin/workspace/projects/lab09/_build/CMakeFiles/CMakeTmp

Run Build Command(s):/usr/bin/make cmTC_9c662/fast && /usr/bin/make -f CMakeFiles/cmTC_9c662.dir/build.make CMakeFiles/cmTC_9c662.dir/build
make[1]: вход в каталог «/home/anya/navckin/workspace/projects/lab09/_build/CMakeFiles/CMakeTmp»
Building C object CMakeFiles/cmTC_9c662.dir/src.c.o
/usr/bin/cc   -DCMAKE_HAVE_LIBC_PTHREAD   -o CMakeFiles/cmTC_9c662.dir/src.c.o   -c /home/anya/navckin/workspace/projects/lab09/_build/CMakeFiles/CMakeTmp/src.c
Linking C executable cmTC_9c662
/usr/bin/cmake -E cmake_link_script CMakeFiles/cmTC_9c662.dir/link.txt --verbose=1
/usr/bin/cc  -DCMAKE_HAVE_LIBC_PTHREAD    CMakeFiles/cmTC_9c662.dir/src.c.o  -o cmTC_9c662 
/usr/bin/ld: CMakeFiles/cmTC_9c662.dir/src.c.o: в функции «main»:
src.c:(.text+0x46): неопределённая ссылка на «pthread_create»
/usr/bin/ld: src.c:(.text+0x52): неопределённая ссылка на «pthread_detach»
/usr/bin/ld: src.c:(.text+0x63): неопределённая ссылка на «pthread_join»
collect2: error: ld returned 1 exit status
make[1]: *** [CMakeFiles/cmTC_9c662.dir/build.make:87: cmTC_9c662] Ошибка 1
make[1]: выход из каталога «/home/anya/navckin/workspace/projects/lab09/_build/CMakeFiles/CMakeTmp»
make: *** [Makefile:121: cmTC_9c662/fast] Ошибка 2


Source file was:
#include <pthread.h>

void* test_func(void* data)
{
  return data;
}

int main(void)
{
  pthread_t thread;
  pthread_create(&thread, NULL, test_func, NULL);
  pthread_detach(thread);
  pthread_join(thread, NULL);
  pthread_atfork(NULL, NULL, NULL);
  pthread_exit(NULL);

  return 0;
}

Determining if the function pthread_create exists in the pthreads failed with the following output:
Change Dir: /home/anya/navckin/workspace/projects/lab09/_build/CMakeFiles/CMakeTmp

Run Build Command(s):/usr/bin/make cmTC_6aeb0/fast && /usr/bin/make -f CMakeFiles/cmTC_6aeb0.dir/build.make CMakeFiles/cmTC_6aeb0.dir/build
make[1]: вход в каталог «/home/anya/navckin/workspace/projects/lab09/_build/CMakeFiles/CMakeTmp»
Building C object CMakeFiles/cmTC_6aeb0.dir/CheckFunctionExists.c.o
/usr/bin/cc   -DCHECK_FUNCTION_EXISTS=pthread_create   -o CMakeFiles/cmTC_6aeb0.dir/CheckFunctionExists.c.o   -c /usr/share/cmake-3.16/Modules/CheckFunctionExists.c
Linking C executable cmTC_6aeb0
/usr/bin/cmake -E cmake_link_script CMakeFiles/cmTC_6aeb0.dir/link.txt --verbose=1
/usr/bin/cc  -DCHECK_FUNCTION_EXISTS=pthread_create    CMakeFiles/cmTC_6aeb0.dir/CheckFunctionExists.c.o  -o cmTC_6aeb0  -lpthreads 
/usr/bin/ld: невозможно найти -lpthreads
collect2: error: ld returned 1 exit status
make[1]: *** [CMakeFiles/cmTC_6aeb0.dir/build.make:87: cmTC_6aeb0] Ошибка 1
make[1]: выход из каталога «/home/anya/navckin/workspace/projects/lab09/_build/CMakeFiles/CMakeTmp»
make: *** [Makefile:121: cmTC_6aeb0/fast] Ошибка 2



